#
# There is insufficient memory for the Java Runtime Environment to continue.
# Native memory allocation (malloc) failed to allocate 32744 bytes for ChunkPool::allocate
# Possible reasons:
#   The system is out of physical RAM or swap space
#   In 32 bit mode, the process size limit was hit
# Possible solutions:
#   Reduce memory load on the system
#   Increase physical memory or swap space
#   Check if swap backing store is full
#   Use 64 bit Java on a 64 bit OS
#   Decrease Java heap size (-Xmx/-Xms)
#   Decrease number of Java threads
#   Decrease Java thread stack sizes (-Xss)
#   Set larger code cache with -XX:ReservedCodeCacheSize=
# This output file may be truncated or incomplete.
#
#  Out of Memory Error (allocation.cpp:273), pid=12052, tid=0x0000000000000f68
#
# JRE version: Java(TM) SE Runtime Environment (8.0_121-b13) (build 1.8.0_121-b13)
# Java VM: Java HotSpot(TM) 64-Bit Server VM (25.121-b13 mixed mode windows-amd64 compressed oops)
# Failed to write core dump. Minidumps are not enabled by default on client versions of Windows
#

---------------  T H R E A D  ---------------

Current thread (0x00000000175c6800):  JavaThread "C2 CompilerThread0" daemon [_thread_in_native, id=3944, stack(0x0000000018b10000,0x0000000018c10000)]

Stack: [0x0000000018b10000,0x0000000018c10000]
[error occurred during error reporting (printing stack bounds), id 0xc0000005]

Native frames: (J=compiled Java code, j=interpreted, Vv=VM code, C=native code)


Current CompileTask:
C2:   1545  676   !   4       sun.font.TrueTypeFont::init (489 bytes)


---------------  P R O C E S S  ---------------

Java Threads: ( => current thread )
  0x0000000002580800 JavaThread "DestroyJavaVM" [_thread_blocked, id=8256, stack(0x0000000000ce0000,0x0000000000de0000)]
  0x0000000018ff9000 JavaThread "AWT-EventQueue-0" [_thread_blocked, id=8504, stack(0x000000001ab80000,0x000000001ac80000)]
  0x0000000018fdb800 JavaThread "AWT-Windows" daemon [_thread_in_native, id=10300, stack(0x000000001a290000,0x000000001a390000)]
  0x0000000018fda800 JavaThread "AWT-Shutdown" [_thread_blocked, id=8628, stack(0x000000001a190000,0x000000001a290000)]
  0x0000000018fd8000 JavaThread "Java2D Disposer" daemon [_thread_blocked, id=6468, stack(0x000000001a090000,0x000000001a190000)]
  0x0000000018c93000 JavaThread "Service Thread" daemon [_thread_blocked, id=13896, stack(0x0000000019210000,0x0000000019310000)]
  0x0000000018c15800 JavaThread "C1 CompilerThread2" daemon [_thread_blocked, id=11320, stack(0x0000000019110000,0x0000000019210000)]
  0x0000000018c10800 JavaThread "C2 CompilerThread1" daemon [_thread_in_native, id=11328, stack(0x0000000019010000,0x0000000019110000)]
=>0x00000000175c6800 JavaThread "C2 CompilerThread0" daemon [_thread_in_native, id=3944, stack(0x0000000018b10000,0x0000000018c10000)]
  0x00000000175c4800 JavaThread "Attach Listener" daemon [_thread_blocked, id=8296, stack(0x0000000018a10000,0x0000000018b10000)]
  0x000000001761e000 JavaThread "Signal Dispatcher" daemon [_thread_blocked, id=10156, stack(0x0000000018910000,0x0000000018a10000)]
  0x00000000175aa000 JavaThread "Finalizer" daemon [_thread_blocked, id=4056, stack(0x0000000018810000,0x0000000018910000)]
  0x000000000266f000 JavaThread "Reference Handler" daemon [_thread_blocked, id=8752, stack(0x0000000018710000,0x0000000018810000)]

Other Threads:
  0x0000000017588000 VMThread [stack: 0x0000000018610000,0x0000000018710000] [id=6372]
  0x0000000018cea800 WatcherThread [stack: 0x0000000019310000,0x0000000019410000] [id=14020]

VM state:not at safepoint (normal execution)

VM Mutex/Monitor currently owned by a thread: None

Heap:
 PSYoungGen      total 38400K, used 28490K [0x00000000d5d00000, 0x00000000d8780000, 0x0000000100000000)
  eden space 33280K, 85% used [0x00000000d5d00000,0x00000000d78d2b20,0x00000000d7d80000)
  from space 5120K, 0% used [0x00000000d8280000,0x00000000d8280000,0x00000000d8780000)
  to   space 5120K, 0% used [0x00000000d7d80000,0x00000000d7d80000,0x00000000d8280000)
 ParOldGen       total 87552K, used 0K [0x0000000081600000, 0x0000000086b80000, 0x00000000d5d00000)
  object space 87552K, 0% used [0x0000000081600000,0x0000000081600000,0x0000000086b80000)
 Metaspace       used 10559K, capacity 10718K, committed 11008K, reserved 1058816K
  class space    used 1390K, capacity 1481K, committed 1536K, reserved 1048576K

Card table byte_map: [0x0000000011e20000,0x0000000012220000] byte_map_base: 0x0000000011a15000

Marking Bits: (ParMarkBitMap*) 0x000000005c29b6d0
 Begin Bits: [0x00000000128d0000, 0x0000000014878000)
 End Bits:   [0x0000000014878000, 0x0000000016820000)

Polling page: 0x0000000000b90000

CodeCache: size=245760Kb used=2879Kb max_used=2879Kb free=242880Kb
 bounds [0x0000000002a60000, 0x0000000002d40000, 0x0000000011a60000]
 total_blobs=1165 nmethods=707 adapters=371
 compilation: enabled

Compilation events (10 events):
Event: 1.527 Thread 0x0000000018c15800  712       1       java.awt.Component::getHeight (5 bytes)
Event: 1.527 Thread 0x0000000018c15800 nmethod 712 0x0000000002d2e3d0 code [0x0000000002d2e520, 0x0000000002d2e630]
Event: 1.532 Thread 0x0000000018c15800  714       3       java.awt.Component::isVisible (5 bytes)
Event: 1.532 Thread 0x0000000018c15800 nmethod 714 0x0000000002d2f150 code [0x0000000002d2f2a0, 0x0000000002d2f490]
Event: 1.533 Thread 0x0000000018c15800  715       3       javax.swing.JComponent::getFlag (20 bytes)
Event: 1.533 Thread 0x0000000018c15800 nmethod 715 0x0000000002d2f510 code [0x0000000002d2f660, 0x0000000002d2f830]
Event: 1.537 Thread 0x0000000018c15800  716       3       java.security.AccessControlContext::combine (205 bytes)
Event: 1.538 Thread 0x0000000018c15800 nmethod 716 0x0000000002d2f890 code [0x0000000002d2fa80, 0x0000000002d30578]
Event: 1.538 Thread 0x0000000018c15800  717       3       java.security.AccessControlContext::calculateFields (89 bytes)
Event: 1.538 Thread 0x0000000018c15800 nmethod 717 0x0000000002d30990 code [0x0000000002d30b20, 0x0000000002d30ed8]

GC Heap History (0 events):
No events

Deoptimization events (10 events):
Event: 1.190 Thread 0x0000000018ff9000 Uncommon trap: reason=class_check action=maybe_recompile pc=0x0000000002be64e8 method=java.lang.String.equals(Ljava/lang/Object;)Z @ 8
Event: 1.190 Thread 0x0000000018ff9000 Uncommon trap: reason=class_check action=maybe_recompile pc=0x0000000002be64e8 method=java.lang.String.equals(Ljava/lang/Object;)Z @ 8
Event: 1.190 Thread 0x0000000018ff9000 Uncommon trap: reason=class_check action=maybe_recompile pc=0x0000000002be64e8 method=java.lang.String.equals(Ljava/lang/Object;)Z @ 8
Event: 1.192 Thread 0x0000000018ff9000 Uncommon trap: reason=bimorphic action=maybe_recompile pc=0x0000000002c56d20 method=java.util.HashMap.putVal(ILjava/lang/Object;Ljava/lang/Object;ZZ)Ljava/lang/Object; @ 152
Event: 1.192 Thread 0x0000000018ff9000 Uncommon trap: reason=bimorphic action=maybe_recompile pc=0x0000000002c56d20 method=java.util.HashMap.putVal(ILjava/lang/Object;Ljava/lang/Object;ZZ)Ljava/lang/Object; @ 152
Event: 1.192 Thread 0x0000000018ff9000 Uncommon trap: reason=bimorphic action=maybe_recompile pc=0x0000000002c56d20 method=java.util.HashMap.putVal(ILjava/lang/Object;Ljava/lang/Object;ZZ)Ljava/lang/Object; @ 152
Event: 1.193 Thread 0x0000000018ff9000 Uncommon trap: reason=bimorphic action=maybe_recompile pc=0x0000000002c56d20 method=java.util.HashMap.putVal(ILjava/lang/Object;Ljava/lang/Object;ZZ)Ljava/lang/Object; @ 152
Event: 1.376 Thread 0x0000000018ff9000 Uncommon trap: reason=unstable_if action=reinterpret pc=0x0000000002d01250 method=java.lang.Character.isSurrogate(C)Z @ 3
Event: 1.376 Thread 0x0000000018ff9000 Uncommon trap: reason=unstable_if action=reinterpret pc=0x0000000002c4a250 method=java.lang.String.toLowerCase(Ljava/util/Locale;)Ljava/lang/String; @ 37
Event: 1.526 Thread 0x0000000018ff9000 Uncommon trap: reason=predicate action=maybe_recompile pc=0x0000000002c969f0 method=java.util.ArrayList.indexOf(Ljava/lang/Object;)I @ 44

Internal exceptions (10 events):
Event: 0.657 Thread 0x0000000002580800 Exception <a 'java/security/PrivilegedActionException'> (0x00000000d5e79920) thrown at [C:\re\workspace\8-2-build-windows-amd64-cygwin\jdk8u121\8372\hotspot\src\share\vm\prims\jvm.cpp, line 1390]
Event: 0.657 Thread 0x0000000002580800 Exception <a 'java/security/PrivilegedActionException'> (0x00000000d5e7d590) thrown at [C:\re\workspace\8-2-build-windows-amd64-cygwin\jdk8u121\8372\hotspot\src\share\vm\prims\jvm.cpp, line 1390]
Event: 0.657 Thread 0x0000000002580800 Exception <a 'java/security/PrivilegedActionException'> (0x00000000d5e7d7a0) thrown at [C:\re\workspace\8-2-build-windows-amd64-cygwin\jdk8u121\8372\hotspot\src\share\vm\prims\jvm.cpp, line 1390]
Event: 0.663 Thread 0x0000000002580800 Exception <a 'java/io/FileNotFoundException'> (0x00000000d5e80940) thrown at [C:\re\workspace\8-2-build-windows-amd64-cygwin\jdk8u121\8372\hotspot\src\share\vm\prims\jni.cpp, line 709]
Event: 0.696 Thread 0x0000000002580800 Exception <a 'java/lang/NoSuchFieldError': method resolution failed> (0x00000000d5f4ea58) thrown at [C:\re\workspace\8-2-build-windows-amd64-cygwin\jdk8u121\8372\hotspot\src\share\vm\prims\methodHandles.cpp, line 1146]
Event: 0.697 Thread 0x0000000002580800 Exception <a 'java/lang/NoSuchFieldError': method resolution failed> (0x00000000d5f5be28) thrown at [C:\re\workspace\8-2-build-windows-amd64-cygwin\jdk8u121\8372\hotspot\src\share\vm\prims\methodHandles.cpp, line 1146]
Event: 0.739 Thread 0x0000000002580800 Exception <a 'java/io/FileNotFoundException'> (0x00000000d5ff1018) thrown at [C:\re\workspace\8-2-build-windows-amd64-cygwin\jdk8u121\8372\hotspot\src\share\vm\prims\jni.cpp, line 709]
Event: 0.769 Thread 0x0000000002580800 Implicit null exception at 0x0000000002bcce9b to 0x0000000002bcd04d
Event: 0.825 Thread 0x0000000002580800 Exception <a 'java/io/FileNotFoundException'> (0x00000000d614ef20) thrown at [C:\re\workspace\8-2-build-windows-amd64-cygwin\jdk8u121\8372\hotspot\src\share\vm\prims\jni.cpp, line 709]
Event: 0.825 Thread 0x0000000002580800 Exception <a 'java/lang/NullPointerException'> (0x00000000d614f5c8) thrown at [C:\re\workspace\8-2-build-windows-amd64-cygwin\jdk8u121\8372\hotspot\src\share\vm\interpreter\linkResolver.cpp, line 1178]

Events (10 events):
Event: 1.530 loading class sun/font/CompositeGlyphMapper
Event: 1.531 loading class sun/font/CompositeGlyphMapper done
Event: 1.532 loading class javax/swing/event/ChangeEvent
Event: 1.532 loading class javax/swing/event/ChangeEvent done
Event: 1.537 loading class java/awt/Container$MouseEventTargetFilter
Event: 1.537 loading class java/awt/Container$EventTargetFilter
Event: 1.537 loading class java/awt/Container$EventTargetFilter done
Event: 1.537 loading class java/awt/Container$MouseEventTargetFilter done
Event: 1.537 loading class java/awt/LightweightDispatcher$1
Event: 1.537 loading class java/awt/LightweightDispatcher$1 done


Dynamic libraries:
0x00007ff65e790000 - 0x00007ff65e7c7000 	C:\Program Files\Java\jre1.8.0_121\bin\javaw.exe
0x00007ffe84da0000 - 0x00007ffe84f4d000 	C:\Windows\SYSTEM32\ntdll.dll
0x00007ffe84ac0000 - 0x00007ffe84bfe000 	C:\Windows\system32\KERNEL32.DLL
0x00007ffe82070000 - 0x00007ffe82185000 	C:\Windows\system32\KERNELBASE.dll
0x00007ffe80a90000 - 0x00007ffe80b1e000 	C:\Windows\system32\apphelp.dll
0x00007ffe711f0000 - 0x00007ffe71243000 	C:\Windows\AppPatch\AppPatch64\AcGenral.DLL
0x00007ffe82dd0000 - 0x00007ffe82e7a000 	C:\Windows\system32\msvcrt.dll
0x00007ffe82040000 - 0x00007ffe8206e000 	C:\Windows\system32\SspiCli.dll
0x00007ffe82a70000 - 0x00007ffe82ac4000 	C:\Windows\system32\SHLWAPI.dll
0x00007ffe82c10000 - 0x00007ffe82d87000 	C:\Windows\system32\USER32.dll
0x00007ffe828d0000 - 0x00007ffe82a64000 	C:\Windows\system32\ole32.dll
0x00007ffe82f10000 - 0x00007ffe84438000 	C:\Windows\system32\SHELL32.dll
0x00007ffe816c0000 - 0x00007ffe816e1000 	C:\Windows\SYSTEM32\USERENV.dll
0x00007ffe827b0000 - 0x00007ffe8285a000 	C:\Windows\system32\ADVAPI32.dll
0x00007ffe78d60000 - 0x00007ffe78d7e000 	C:\Windows\SYSTEM32\MPR.dll
0x00007ffe82ad0000 - 0x00007ffe82c10000 	C:\Windows\system32\RPCRT4.dll
0x00007ffe82870000 - 0x00007ffe828c9000 	C:\Windows\SYSTEM32\sechost.dll
0x00007ffe84660000 - 0x00007ffe84871000 	C:\Windows\SYSTEM32\combase.dll
0x00007ffe82430000 - 0x00007ffe8257f000 	C:\Windows\system32\GDI32.dll
0x00007ffe81ec0000 - 0x00007ffe81ed5000 	C:\Windows\SYSTEM32\profapi.dll
0x00007ffe802a0000 - 0x00007ffe80352000 	C:\Windows\SYSTEM32\SHCORE.dll
0x00007ffe82d90000 - 0x00007ffe82dc6000 	C:\Windows\system32\IMM32.DLL
0x00007ffe84500000 - 0x00007ffe84652000 	C:\Windows\system32\MSCTF.dll
0x00007ffe7f680000 - 0x00007ffe7f8fb000 	C:\Windows\WinSxS\amd64_microsoft.windows.common-controls_6595b64144ccf1df_6.0.9600.18006_none_623f33d3ecbe86e8\COMCTL32.dll
0x000000005b8d0000 - 0x000000005b9a2000 	C:\Program Files\Java\jre1.8.0_121\bin\msvcr100.dll
0x000000005ba80000 - 0x000000005c31b000 	C:\Program Files\Java\jre1.8.0_121\bin\server\jvm.dll
0x00007ffe78890000 - 0x00007ffe78899000 	C:\Windows\SYSTEM32\WSOCK32.dll
0x00007ffe7a7a0000 - 0x00007ffe7a7c2000 	C:\Windows\SYSTEM32\WINMM.dll
0x00007ffe78880000 - 0x00007ffe7888a000 	C:\Windows\SYSTEM32\VERSION.dll
0x00007ffe82e80000 - 0x00007ffe82e87000 	C:\Windows\system32\PSAPI.DLL
0x00007ffe82e90000 - 0x00007ffe82eea000 	C:\Windows\system32\WS2_32.dll
0x00007ffe7a2d0000 - 0x00007ffe7a2fa000 	C:\Windows\SYSTEM32\WINMMBASE.dll
0x00007ffe82860000 - 0x00007ffe82869000 	C:\Windows\system32\NSI.dll
0x00007ffe81ff0000 - 0x00007ffe8203f000 	C:\Windows\SYSTEM32\cfgmgr32.dll
0x00007ffe80ce0000 - 0x00007ffe80d08000 	C:\Windows\SYSTEM32\DEVOBJ.dll
0x000000005ba70000 - 0x000000005ba7f000 	C:\Program Files\Java\jre1.8.0_121\bin\verify.dll
0x000000005ba40000 - 0x000000005ba69000 	C:\Program Files\Java\jre1.8.0_121\bin\java.dll
0x000000005ba20000 - 0x000000005ba36000 	C:\Program Files\Java\jre1.8.0_121\bin\zip.dll
0x000000005b2b0000 - 0x000000005b448000 	C:\Program Files\Java\jre1.8.0_121\bin\awt.dll
0x00007ffe84cd0000 - 0x00007ffe84d96000 	C:\Windows\system32\OLEAUT32.dll
0x00007ffe80030000 - 0x00007ffe80051000 	C:\Windows\system32\DWMAPI.DLL
0x00007ffe80b60000 - 0x00007ffe80c89000 	C:\Windows\system32\uxtheme.dll
0x00007ffe662d0000 - 0x00007ffe663fb000 	C:\Windows\system32\opengl32.dll
0x00007ffe66260000 - 0x00007ffe6628e000 	C:\Windows\SYSTEM32\GLU32.dll
0x00007ffe66160000 - 0x00007ffe66258000 	C:\Windows\SYSTEM32\DDRAW.dll
0x00007ffe67620000 - 0x00007ffe67629000 	C:\Windows\SYSTEM32\DCIMAN32.dll
0x00007ffe80d30000 - 0x00007ffe80d3b000 	C:\Windows\SYSTEM32\kernel.appcore.dll
0x00007ffe81d90000 - 0x00007ffe81d9b000 	C:\Windows\SYSTEM32\CRYPTBASE.dll
0x00007ffe81d20000 - 0x00007ffe81d83000 	C:\Windows\SYSTEM32\bcryptPrimitives.dll
0x000000005b7b0000 - 0x000000005b7f7000 	C:\Program Files\Java\jre1.8.0_121\bin\fontmanager.dll
0x0000000180000000 - 0x0000000180038000 	C:\Windows\system32\ImageSAFERFilter.dll
0x000000005c400000 - 0x000000005c4d3000 	C:\Windows\WinSxS\amd64_microsoft.vc90.crt_1fc8b3b9a1e18e3b_9.0.30729.8387_none_08e793bfa83a89b5\MSVCP90.dll
0x000000005c350000 - 0x000000005c3f3000 	C:\Windows\WinSxS\amd64_microsoft.vc90.crt_1fc8b3b9a1e18e3b_9.0.30729.8387_none_08e793bfa83a89b5\MSVCR90.dll
0x00007ffe7ce50000 - 0x00007ffe7cfd9000 	C:\Windows\system32\dbghelp.dll
0x00007ffe7ac50000 - 0x00007ffe7ac82000 	C:\Windows\SYSTEM32\ntmarta.dll
0x00007ffe7a7d0000 - 0x00007ffe7a7d7000 	C:\Windows\SYSTEM32\MSIMG32.dll
0x00007ffe84440000 - 0x00007ffe844f6000 	C:\Windows\SYSTEM32\clbcatq.dll
0x00007ffe7fdb0000 - 0x00007ffe7ff5e000 	C:\Windows\SYSTEM32\WindowsCodecs.dll
0x00007ffe81910000 - 0x00007ffe81930000 	C:\Windows\SYSTEM32\CRYPTSP.dll
0x00007ffe81260000 - 0x00007ffe81296000 	C:\Windows\system32\rsaenh.dll
0x00007ffe81a10000 - 0x00007ffe81a36000 	C:\Windows\SYSTEM32\bcrypt.dll
0x00007ffe6ebb0000 - 0x00007ffe6ec73000 	C:\Windows\System32\IME\IMEKR\imkrtip.dll
0x00007ffe7c5e0000 - 0x00007ffe7c75f000 	C:\Windows\SYSTEM32\PROPSYS.dll
0x00007ffe6ea90000 - 0x00007ffe6eba2000 	C:\Windows\System32\IME\shared\imetip.dll
0x00007ffe7d070000 - 0x00007ffe7d0da000 	C:\Windows\SYSTEM32\OLEACC.dll
0x00007ffe800d0000 - 0x00007ffe80291000 	C:\Windows\SYSTEM32\DUI70.dll
0x000000005ba00000 - 0x000000005ba1a000 	C:\Program Files\Java\jre1.8.0_121\bin\net.dll
0x00007ffe81620000 - 0x00007ffe81679000 	C:\Windows\system32\mswsock.dll
0x000000005b9e0000 - 0x000000005b9f1000 	C:\Program Files\Java\jre1.8.0_121\bin\nio.dll
0x00007ffe6ea60000 - 0x00007ffe6ea90000 	C:\Windows\System32\IME\IMEKR\imkrapi.dll
0x00007ffe6ea20000 - 0x00007ffe6ea5a000 	C:\Windows\System32\IME\shared\imjkapi.dll
0x000000005b760000 - 0x000000005b7a2000 	C:\Program Files\Java\jre1.8.0_121\bin\t2k.dll

VM Arguments:
jvm_args: -Dfile.encoding=MS949 
java_command: BusProJect.Swing_BInPut
java_class_path (initial): C:\workspace\bin
Launcher Type: SUN_STANDARD

Environment Variables:
JAVA_HOME=C:\Program Files\Java\jdk1.8.0_121
CLASSPATH=C:\Program Files\Java\jdk1.8.0_121\lib
PATH=C:/Program Files/Java/jre1.8.0_121/bin/server;C:/Program Files/Java/jre1.8.0_121/bin;C:/Program Files/Java/jre1.8.0_121/lib/amd64;C:\ProgramData\Oracle\Java\javapath;C:\Windows\system32;C:\Windows;C:\Windows\System32\Wbem;C:\Windows\System32\WindowsPowerShell\v1.0\;C:\Program Files\Intel\WiFi\bin\;C:\Program Files\Common Files\Intel\WirelessCommon\;C:\Program Files (x86)\Skype\Phone\;C:\Program Files\Java\jdk1.8.0_121\bin;C:\Program Files\Bandizip\7z;C:\Program Files\Intel\WiFi\bin\;C:\Program Files\Common Files\Intel\WirelessCommon\;C:\Users\ºÀºÀ\Desktop;
USERNAME=ºÀºÀ
OS=Windows_NT
PROCESSOR_IDENTIFIER=Intel64 Family 6 Model 61 Stepping 4, GenuineIntel



---------------  S Y S T E M  ---------------

OS: Windows 8.1 , 64 bit Build 9600 (6.3.9600.17415)

CPU:total 4 (2 cores per cpu, 2 threads per core) family 6 model 61 stepping 4, cmov, cx8, fxsr, mmx, sse, sse2, sse3, ssse3, sse4.1, sse4.2, popcnt, avx, avx2, aes, clmul, erms, 3dnowpref, lzcnt, ht, tsc, tscinvbit, bmi1, bmi2, adx

Memory: 4k page, physical 8292268k(1767548k free), swap 19197448k(5112k free)

vm_info: Java HotSpot(TM) 64-Bit Server VM (25.121-b13) for windows-amd64 JRE (1.8.0_121-b13), built on Dec 12 2016 18:21:36 by "java_re" with MS VC++ 10.0 (VS2010)

time: Wed Mar 15 17:34:10 2017
elapsed time: 1 seconds (0d 0h 0m 1s)

